<?xml version="1.0" encoding="UTF-8"?>
<!-- Generated by org.testng.reporters.JUnitReportReporter -->
<testsuite hostname="user-PC" name="com.vimpelcom.test.CreateRepo" tests="1" failures="0" timestamp="15 Oct 2016 07:20:13 GMT" time="4.662" errors="0">
  <testcase name="createRepoTest" time="4.662" classname="com.vimpelcom.test.CreateRepo"/>
</testsuite> <!-- com.vimpelcom.test.CreateRepo -->
