<?xml version="1.0" encoding="UTF-8"?>
<!-- Generated by org.testng.reporters.JUnitReportReporter -->
<testsuite hostname="user-PC" name="com.vimpelcom.test.DeleteRepo" tests="1" failures="0" timestamp="15 Oct 2016 05:54:52 GMT" time="0.000" errors="0">
  <testcase name="deleteRepoTest" time="0.000" classname="com.vimpelcom.test.DeleteRepo"/>
</testsuite> <!-- com.vimpelcom.test.DeleteRepo -->
